0 info it worked if it ends with ok
1 verbose cli [ '/usr/bin/nodejs', '/usr/bin/npm', 'install', '-g', 'grunt-cli' ]
2 info using npm@3.5.2
3 info using node@v4.2.6
4 silly loadCurrentTree Starting
5 silly install loadCurrentTree
6 silly install readGlobalPackageData
7 silly fetchPackageMetaData grunt-cli
8 silly fetchNamedPackageData grunt-cli
9 silly mapToRegistry name grunt-cli
10 silly mapToRegistry using default registry
11 silly mapToRegistry registry https://registry.npmjs.org/
12 silly mapToRegistry uri https://registry.npmjs.org/grunt-cli
13 verbose request uri https://registry.npmjs.org/grunt-cli
14 verbose request no auth needed
15 info attempt registry request try #1 at 6:33:49 PM
16 verbose request id d3efafa118a021fa
17 verbose etag "C7MGO8HQPUC2WV93QNOADV6MW"
18 http request GET https://registry.npmjs.org/grunt-cli
19 http 304 https://registry.npmjs.org/grunt-cli
20 verbose headers { date: 'Mon, 07 Nov 2016 00:33:51 GMT',
20 verbose headers   via: '1.1 varnish',
20 verbose headers   'cache-control': 'max-age=300',
20 verbose headers   etag: '"C7MGO8HQPUC2WV93QNOADV6MW"',
20 verbose headers   age: '0',
20 verbose headers   connection: 'keep-alive',
20 verbose headers   'x-served-by': 'cache-dfw1828-DFW',
20 verbose headers   'x-cache': 'HIT',
20 verbose headers   'x-cache-hits': '1',
20 verbose headers   'x-timer': 'S1478478831.135242,VS0,VE183',
20 verbose headers   vary: 'Accept-Encoding' }
21 silly get cb [ 304,
21 silly get   { date: 'Mon, 07 Nov 2016 00:33:51 GMT',
21 silly get     via: '1.1 varnish',
21 silly get     'cache-control': 'max-age=300',
21 silly get     etag: '"C7MGO8HQPUC2WV93QNOADV6MW"',
21 silly get     age: '0',
21 silly get     connection: 'keep-alive',
21 silly get     'x-served-by': 'cache-dfw1828-DFW',
21 silly get     'x-cache': 'HIT',
21 silly get     'x-cache-hits': '1',
21 silly get     'x-timer': 'S1478478831.135242,VS0,VE183',
21 silly get     vary: 'Accept-Encoding' } ]
22 verbose etag https://registry.npmjs.org/grunt-cli from cache
23 verbose get saving grunt-cli to /home/matt/.npm/registry.npmjs.org/grunt-cli/.cache.json
24 silly install normalizeTree
25 silly loadCurrentTree Finishing
26 silly loadIdealTree Starting
27 silly install loadIdealTree
28 silly cloneCurrentTree Starting
29 silly install cloneCurrentTreeToIdealTree
30 silly cloneCurrentTree Finishing
31 silly loadShrinkwrap Starting
32 silly install loadShrinkwrap
33 silly loadShrinkwrap Finishing
34 silly loadAllDepsIntoIdealTree Starting
35 silly install loadAllDepsIntoIdealTree
36 silly resolveWithNewModule grunt-cli@1.2.0 checking installable status
37 silly cache add args [ 'grunt-cli', null ]
38 verbose cache add spec grunt-cli
39 silly cache add parsed spec Result {
39 silly cache add   raw: 'grunt-cli',
39 silly cache add   scope: null,
39 silly cache add   name: 'grunt-cli',
39 silly cache add   rawSpec: '',
39 silly cache add   spec: 'latest',
39 silly cache add   type: 'tag' }
40 silly addNamed grunt-cli@latest
41 verbose addNamed "latest" is being treated as a dist-tag for grunt-cli
42 info addNameTag [ 'grunt-cli', 'latest' ]
43 silly mapToRegistry name grunt-cli
44 silly mapToRegistry using default registry
45 silly mapToRegistry registry https://registry.npmjs.org/
46 silly mapToRegistry uri https://registry.npmjs.org/grunt-cli
47 verbose addNameTag registry:https://registry.npmjs.org/grunt-cli not in flight; fetching
48 verbose get https://registry.npmjs.org/grunt-cli not expired, no request
49 silly addNameTag next cb for grunt-cli with tag latest
50 silly addNamed grunt-cli@1.2.0
51 verbose addNamed "1.2.0" is a plain semver version for grunt-cli
52 silly cache afterAdd grunt-cli@1.2.0
53 verbose afterAdd /home/matt/.npm/grunt-cli/1.2.0/package/package.json not in flight; writing
54 verbose afterAdd /home/matt/.npm/grunt-cli/1.2.0/package/package.json written
55 silly fetchNamedPackageData findup-sync
56 silly mapToRegistry name findup-sync
57 silly mapToRegistry using default registry
58 silly mapToRegistry registry https://registry.npmjs.org/
59 silly mapToRegistry uri https://registry.npmjs.org/findup-sync
60 silly fetchNamedPackageData grunt-known-options
61 silly mapToRegistry name grunt-known-options
62 silly mapToRegistry using default registry
63 silly mapToRegistry registry https://registry.npmjs.org/
64 silly mapToRegistry uri https://registry.npmjs.org/grunt-known-options
65 silly fetchNamedPackageData nopt
66 silly mapToRegistry name nopt
67 silly mapToRegistry using default registry
68 silly mapToRegistry registry https://registry.npmjs.org/
69 silly mapToRegistry uri https://registry.npmjs.org/nopt
70 silly fetchNamedPackageData resolve
71 silly mapToRegistry name resolve
72 silly mapToRegistry using default registry
73 silly mapToRegistry registry https://registry.npmjs.org/
74 silly mapToRegistry uri https://registry.npmjs.org/resolve
75 verbose request uri https://registry.npmjs.org/findup-sync
76 verbose request no auth needed
77 info attempt registry request try #1 at 6:33:50 PM
78 verbose etag "47L5RFROPJQUFV7I200H1EE90"
79 http request GET https://registry.npmjs.org/findup-sync
80 verbose request uri https://registry.npmjs.org/nopt
81 verbose request no auth needed
82 info attempt registry request try #1 at 6:33:50 PM
83 verbose etag "4JI1PQ2NTWUCT91C55UO8QI0E"
84 http request GET https://registry.npmjs.org/nopt
85 verbose request uri https://registry.npmjs.org/grunt-known-options
86 verbose request no auth needed
87 info attempt registry request try #1 at 6:33:50 PM
88 verbose etag "7QSNI1GHSQUPUZPXA2OGSKIJS"
89 http request GET https://registry.npmjs.org/grunt-known-options
90 verbose request uri https://registry.npmjs.org/resolve
91 verbose request no auth needed
92 info attempt registry request try #1 at 6:33:50 PM
93 verbose etag "F4IFL2LMTK691BU2LEPGABAU8"
94 http request GET https://registry.npmjs.org/resolve
95 http 304 https://registry.npmjs.org/nopt
96 verbose headers { date: 'Mon, 07 Nov 2016 00:33:51 GMT',
96 verbose headers   via: '1.1 varnish',
96 verbose headers   'cache-control': 'max-age=300',
96 verbose headers   etag: '"4JI1PQ2NTWUCT91C55UO8QI0E"',
96 verbose headers   age: '275',
96 verbose headers   connection: 'keep-alive',
96 verbose headers   'x-served-by': 'cache-dfw1834-DFW',
96 verbose headers   'x-cache': 'HIT',
96 verbose headers   'x-cache-hits': '6',
96 verbose headers   'x-timer': 'S1478478831.526121,VS0,VE0',
96 verbose headers   vary: 'Accept-Encoding' }
97 silly get cb [ 304,
97 silly get   { date: 'Mon, 07 Nov 2016 00:33:51 GMT',
97 silly get     via: '1.1 varnish',
97 silly get     'cache-control': 'max-age=300',
97 silly get     etag: '"4JI1PQ2NTWUCT91C55UO8QI0E"',
97 silly get     age: '275',
97 silly get     connection: 'keep-alive',
97 silly get     'x-served-by': 'cache-dfw1834-DFW',
97 silly get     'x-cache': 'HIT',
97 silly get     'x-cache-hits': '6',
97 silly get     'x-timer': 'S1478478831.526121,VS0,VE0',
97 silly get     vary: 'Accept-Encoding' } ]
98 verbose etag https://registry.npmjs.org/nopt from cache
99 verbose get saving nopt to /home/matt/.npm/registry.npmjs.org/nopt/.cache.json
100 http 304 https://registry.npmjs.org/grunt-known-options
101 verbose headers { date: 'Mon, 07 Nov 2016 00:33:51 GMT',
101 verbose headers   via: '1.1 varnish',
101 verbose headers   'cache-control': 'max-age=300',
101 verbose headers   etag: '"7QSNI1GHSQUPUZPXA2OGSKIJS"',
101 verbose headers   age: '156',
101 verbose headers   connection: 'keep-alive',
101 verbose headers   'x-served-by': 'cache-dfw1827-DFW',
101 verbose headers   'x-cache': 'HIT',
101 verbose headers   'x-cache-hits': '1',
101 verbose headers   'x-timer': 'S1478478831.531467,VS0,VE0',
101 verbose headers   vary: 'Accept-Encoding' }
102 silly get cb [ 304,
102 silly get   { date: 'Mon, 07 Nov 2016 00:33:51 GMT',
102 silly get     via: '1.1 varnish',
102 silly get     'cache-control': 'max-age=300',
102 silly get     etag: '"7QSNI1GHSQUPUZPXA2OGSKIJS"',
102 silly get     age: '156',
102 silly get     connection: 'keep-alive',
102 silly get     'x-served-by': 'cache-dfw1827-DFW',
102 silly get     'x-cache': 'HIT',
102 silly get     'x-cache-hits': '1',
102 silly get     'x-timer': 'S1478478831.531467,VS0,VE0',
102 silly get     vary: 'Accept-Encoding' } ]
103 verbose etag https://registry.npmjs.org/grunt-known-options from cache
104 verbose get saving grunt-known-options to /home/matt/.npm/registry.npmjs.org/grunt-known-options/.cache.json
105 http 200 https://registry.npmjs.org/findup-sync
106 verbose headers { server: 'CouchDB/1.6.1 (Erlang OTP/R16B03)',
106 verbose headers   etag: '"3GHAFWTGI2OGZQIY22B3UMWAO"',
106 verbose headers   'content-type': 'application/json',
106 verbose headers   'content-encoding': 'gzip',
106 verbose headers   'cache-control': 'max-age=300',
106 verbose headers   'content-length': '3925',
106 verbose headers   'accept-ranges': 'bytes',
106 verbose headers   date: 'Mon, 07 Nov 2016 00:33:51 GMT',
106 verbose headers   via: '1.1 varnish',
106 verbose headers   age: '119',
106 verbose headers   connection: 'keep-alive',
106 verbose headers   'x-served-by': 'cache-dfw1827-DFW',
106 verbose headers   'x-cache': 'HIT',
106 verbose headers   'x-cache-hits': '3',
106 verbose headers   'x-timer': 'S1478478831.524541,VS0,VE0',
106 verbose headers   vary: 'Accept-Encoding' }
107 silly get cb [ 200,
107 silly get   { server: 'CouchDB/1.6.1 (Erlang OTP/R16B03)',
107 silly get     etag: '"3GHAFWTGI2OGZQIY22B3UMWAO"',
107 silly get     'content-type': 'application/json',
107 silly get     'content-encoding': 'gzip',
107 silly get     'cache-control': 'max-age=300',
107 silly get     'content-length': '3925',
107 silly get     'accept-ranges': 'bytes',
107 silly get     date: 'Mon, 07 Nov 2016 00:33:51 GMT',
107 silly get     via: '1.1 varnish',
107 silly get     age: '119',
107 silly get     connection: 'keep-alive',
107 silly get     'x-served-by': 'cache-dfw1827-DFW',
107 silly get     'x-cache': 'HIT',
107 silly get     'x-cache-hits': '3',
107 silly get     'x-timer': 'S1478478831.524541,VS0,VE0',
107 silly get     vary: 'Accept-Encoding' } ]
108 verbose get saving findup-sync to /home/matt/.npm/registry.npmjs.org/findup-sync/.cache.json
109 silly resolveWithNewModule grunt-known-options@1.1.0 checking installable status
110 silly cache add args [ 'grunt-known-options@~1.1.0', null ]
111 verbose cache add spec grunt-known-options@~1.1.0
112 silly cache add parsed spec Result {
112 silly cache add   raw: 'grunt-known-options@~1.1.0',
112 silly cache add   scope: null,
112 silly cache add   name: 'grunt-known-options',
112 silly cache add   rawSpec: '~1.1.0',
112 silly cache add   spec: '>=1.1.0 <1.2.0',
112 silly cache add   type: 'range' }
113 silly addNamed grunt-known-options@>=1.1.0 <1.2.0
114 verbose addNamed ">=1.1.0 <1.2.0" is a valid semver range for grunt-known-options
115 silly addNameRange { name: 'grunt-known-options',
115 silly addNameRange   range: '>=1.1.0 <1.2.0',
115 silly addNameRange   hasData: false }
116 silly mapToRegistry name grunt-known-options
117 silly mapToRegistry using default registry
118 silly mapToRegistry registry https://registry.npmjs.org/
119 silly mapToRegistry uri https://registry.npmjs.org/grunt-known-options
120 verbose addNameRange registry:https://registry.npmjs.org/grunt-known-options not in flight; fetching
121 http 304 https://registry.npmjs.org/resolve
122 verbose headers { date: 'Mon, 07 Nov 2016 00:33:51 GMT',
122 verbose headers   via: '1.1 varnish',
122 verbose headers   'cache-control': 'max-age=300',
122 verbose headers   etag: '"F4IFL2LMTK691BU2LEPGABAU8"',
122 verbose headers   age: '155',
122 verbose headers   connection: 'keep-alive',
122 verbose headers   'x-served-by': 'cache-dfw1821-DFW',
122 verbose headers   'x-cache': 'HIT',
122 verbose headers   'x-cache-hits': '4',
122 verbose headers   'x-timer': 'S1478478831.545303,VS0,VE0',
122 verbose headers   vary: 'Accept-Encoding' }
123 silly get cb [ 304,
123 silly get   { date: 'Mon, 07 Nov 2016 00:33:51 GMT',
123 silly get     via: '1.1 varnish',
123 silly get     'cache-control': 'max-age=300',
123 silly get     etag: '"F4IFL2LMTK691BU2LEPGABAU8"',
123 silly get     age: '155',
123 silly get     connection: 'keep-alive',
123 silly get     'x-served-by': 'cache-dfw1821-DFW',
123 silly get     'x-cache': 'HIT',
123 silly get     'x-cache-hits': '4',
123 silly get     'x-timer': 'S1478478831.545303,VS0,VE0',
123 silly get     vary: 'Accept-Encoding' } ]
124 verbose etag https://registry.npmjs.org/resolve from cache
125 verbose get saving resolve to /home/matt/.npm/registry.npmjs.org/resolve/.cache.json
126 silly resolveWithNewModule nopt@3.0.6 checking installable status
127 silly cache add args [ 'nopt@~3.0.6', null ]
128 verbose cache add spec nopt@~3.0.6
129 silly cache add parsed spec Result {
129 silly cache add   raw: 'nopt@~3.0.6',
129 silly cache add   scope: null,
129 silly cache add   name: 'nopt',
129 silly cache add   rawSpec: '~3.0.6',
129 silly cache add   spec: '>=3.0.6 <3.1.0',
129 silly cache add   type: 'range' }
130 silly addNamed nopt@>=3.0.6 <3.1.0
131 verbose addNamed ">=3.0.6 <3.1.0" is a valid semver range for nopt
132 silly addNameRange { name: 'nopt', range: '>=3.0.6 <3.1.0', hasData: false }
133 silly mapToRegistry name nopt
134 silly mapToRegistry using default registry
135 silly mapToRegistry registry https://registry.npmjs.org/
136 silly mapToRegistry uri https://registry.npmjs.org/nopt
137 verbose addNameRange registry:https://registry.npmjs.org/nopt not in flight; fetching
138 silly resolveWithNewModule findup-sync@0.3.0 checking installable status
139 silly cache add args [ 'findup-sync@~0.3.0', null ]
140 verbose cache add spec findup-sync@~0.3.0
141 silly cache add parsed spec Result {
141 silly cache add   raw: 'findup-sync@~0.3.0',
141 silly cache add   scope: null,
141 silly cache add   name: 'findup-sync',
141 silly cache add   rawSpec: '~0.3.0',
141 silly cache add   spec: '>=0.3.0 <0.4.0',
141 silly cache add   type: 'range' }
142 silly addNamed findup-sync@>=0.3.0 <0.4.0
143 verbose addNamed ">=0.3.0 <0.4.0" is a valid semver range for findup-sync
144 silly addNameRange { name: 'findup-sync', range: '>=0.3.0 <0.4.0', hasData: false }
145 silly mapToRegistry name findup-sync
146 silly mapToRegistry using default registry
147 silly mapToRegistry registry https://registry.npmjs.org/
148 silly mapToRegistry uri https://registry.npmjs.org/findup-sync
149 verbose addNameRange registry:https://registry.npmjs.org/findup-sync not in flight; fetching
150 verbose get https://registry.npmjs.org/grunt-known-options not expired, no request
151 silly addNameRange number 2 { name: 'grunt-known-options',
151 silly addNameRange   range: '>=1.1.0 <1.2.0',
151 silly addNameRange   hasData: true }
152 silly addNameRange versions [ 'grunt-known-options', [ '1.0.0', '1.1.0' ] ]
153 silly addNamed grunt-known-options@1.1.0
154 verbose addNamed "1.1.0" is a plain semver version for grunt-known-options
155 verbose get https://registry.npmjs.org/nopt not expired, no request
156 silly addNameRange number 2 { name: 'nopt', range: '>=3.0.6 <3.1.0', hasData: true }
157 silly addNameRange versions [ 'nopt',
157 silly addNameRange   [ '1.0.0',
157 silly addNameRange     '1.0.1',
157 silly addNameRange     '1.0.2',
157 silly addNameRange     '1.0.3',
157 silly addNameRange     '1.0.4',
157 silly addNameRange     '1.0.5',
157 silly addNameRange     '1.0.6',
157 silly addNameRange     '1.0.7',
157 silly addNameRange     '1.0.8',
157 silly addNameRange     '1.0.9',
157 silly addNameRange     '1.0.10',
157 silly addNameRange     '2.0.0',
157 silly addNameRange     '2.1.0',
157 silly addNameRange     '2.1.1',
157 silly addNameRange     '2.1.2',
157 silly addNameRange     '2.2.0',
157 silly addNameRange     '2.2.1',
157 silly addNameRange     '3.0.0',
157 silly addNameRange     '3.0.1',
157 silly addNameRange     '3.0.2',
157 silly addNameRange     '3.0.3',
157 silly addNameRange     '3.0.4',
157 silly addNameRange     '3.0.5',
157 silly addNameRange     '3.0.6' ] ]
158 silly addNamed nopt@3.0.6
159 verbose addNamed "3.0.6" is a plain semver version for nopt
160 verbose get https://registry.npmjs.org/findup-sync not expired, no request
161 silly addNameRange number 2 { name: 'findup-sync', range: '>=0.3.0 <0.4.0', hasData: true }
162 silly addNameRange versions [ 'findup-sync',
162 silly addNameRange   [ '0.1.0',
162 silly addNameRange     '0.1.1',
162 silly addNameRange     '0.1.2',
162 silly addNameRange     '0.1.3',
162 silly addNameRange     '0.2.0',
162 silly addNameRange     '0.2.1',
162 silly addNameRange     '0.3.0',
162 silly addNameRange     '0.4.0',
162 silly addNameRange     '0.4.1',
162 silly addNameRange     '0.4.2',
162 silly addNameRange     '0.4.3' ] ]
163 silly addNamed findup-sync@0.3.0
164 verbose addNamed "0.3.0" is a plain semver version for findup-sync
165 silly resolveWithNewModule resolve@1.1.7 checking installable status
166 silly cache add args [ 'resolve@~1.1.0', null ]
167 verbose cache add spec resolve@~1.1.0
168 silly cache add parsed spec Result {
168 silly cache add   raw: 'resolve@~1.1.0',
168 silly cache add   scope: null,
168 silly cache add   name: 'resolve',
168 silly cache add   rawSpec: '~1.1.0',
168 silly cache add   spec: '>=1.1.0 <1.2.0',
168 silly cache add   type: 'range' }
169 silly addNamed resolve@>=1.1.0 <1.2.0
170 verbose addNamed ">=1.1.0 <1.2.0" is a valid semver range for resolve
171 silly addNameRange { name: 'resolve', range: '>=1.1.0 <1.2.0', hasData: false }
172 silly mapToRegistry name resolve
173 silly mapToRegistry using default registry
174 silly mapToRegistry registry https://registry.npmjs.org/
175 silly mapToRegistry uri https://registry.npmjs.org/resolve
176 verbose addNameRange registry:https://registry.npmjs.org/resolve not in flight; fetching
177 silly cache afterAdd grunt-known-options@1.1.0
178 verbose afterAdd /home/matt/.npm/grunt-known-options/1.1.0/package/package.json not in flight; writing
179 silly cache afterAdd findup-sync@0.3.0
180 verbose afterAdd /home/matt/.npm/findup-sync/0.3.0/package/package.json not in flight; writing
181 silly cache afterAdd nopt@3.0.6
182 verbose afterAdd /home/matt/.npm/nopt/3.0.6/package/package.json not in flight; writing
183 verbose get https://registry.npmjs.org/resolve not expired, no request
184 silly addNameRange number 2 { name: 'resolve', range: '>=1.1.0 <1.2.0', hasData: true }
185 silly addNameRange versions [ 'resolve',
185 silly addNameRange   [ '0.0.0',
185 silly addNameRange     '0.0.1',
185 silly addNameRange     '0.0.2',
185 silly addNameRange     '0.0.3',
185 silly addNameRange     '0.0.4',
185 silly addNameRange     '0.1.0',
185 silly addNameRange     '0.1.2',
185 silly addNameRange     '0.1.3',
185 silly addNameRange     '0.2.0',
185 silly addNameRange     '0.2.1',
185 silly addNameRange     '0.2.2',
185 silly addNameRange     '0.2.3',
185 silly addNameRange     '0.2.4',
185 silly addNameRange     '0.2.5',
185 silly addNameRange     '0.2.6',
185 silly addNameRange     '0.2.7',
185 silly addNameRange     '0.2.8',
185 silly addNameRange     '0.3.0',
185 silly addNameRange     '0.3.1',
185 silly addNameRange     '0.4.0',
185 silly addNameRange     '0.4.1',
185 silly addNameRange     '0.4.2',
185 silly addNameRange     '0.4.3',
185 silly addNameRange     '0.5.0',
185 silly addNameRange     '0.5.1',
185 silly addNameRange     '0.6.0',
185 silly addNameRange     '0.6.1',
185 silly addNameRange     '0.6.2',
185 silly addNameRange     '0.6.3',
185 silly addNameRange     '0.7.0',
185 silly addNameRange     '0.7.1',
185 silly addNameRange     '0.7.2',
185 silly addNameRange     '0.7.3',
185 silly addNameRange     '0.7.4',
185 silly addNameRange     '1.0.0',
185 silly addNameRange     '1.1.0',
185 silly addNameRange     '1.1.2',
185 silly addNameRange     '1.1.3',
185 silly addNameRange     '1.1.4',
185 silly addNameRange     '1.1.5',
185 silly addNameRange     '1.1.6',
185 silly addNameRange     '1.1.7' ] ]
186 silly addNamed resolve@1.1.7
187 verbose addNamed "1.1.7" is a plain semver version for resolve
188 verbose afterAdd /home/matt/.npm/grunt-known-options/1.1.0/package/package.json written
189 verbose afterAdd /home/matt/.npm/findup-sync/0.3.0/package/package.json written
190 verbose afterAdd /home/matt/.npm/nopt/3.0.6/package/package.json written
191 silly cache afterAdd resolve@1.1.7
192 verbose afterAdd /home/matt/.npm/resolve/1.1.7/package/package.json not in flight; writing
193 verbose afterAdd /home/matt/.npm/resolve/1.1.7/package/package.json written
194 silly fetchNamedPackageData glob
195 silly mapToRegistry name glob
196 silly mapToRegistry using default registry
197 silly mapToRegistry registry https://registry.npmjs.org/
198 silly mapToRegistry uri https://registry.npmjs.org/glob
199 verbose request uri https://registry.npmjs.org/glob
200 verbose request no auth needed
201 info attempt registry request try #1 at 6:33:50 PM
202 verbose etag "9S6406YLNVJWSB06R9VKZD9X3"
203 http request GET https://registry.npmjs.org/glob
204 http 304 https://registry.npmjs.org/glob
205 verbose headers { date: 'Mon, 07 Nov 2016 00:33:51 GMT',
205 verbose headers   via: '1.1 varnish',
205 verbose headers   'cache-control': 'max-age=300',
205 verbose headers   etag: '"9S6406YLNVJWSB06R9VKZD9X3"',
205 verbose headers   age: '23',
205 verbose headers   connection: 'keep-alive',
205 verbose headers   'x-served-by': 'cache-dfw1840-DFW',
205 verbose headers   'x-cache': 'HIT',
205 verbose headers   'x-cache-hits': '1',
205 verbose headers   'x-timer': 'S1478478831.696621,VS0,VE0',
205 verbose headers   vary: 'Accept-Encoding' }
206 silly get cb [ 304,
206 silly get   { date: 'Mon, 07 Nov 2016 00:33:51 GMT',
206 silly get     via: '1.1 varnish',
206 silly get     'cache-control': 'max-age=300',
206 silly get     etag: '"9S6406YLNVJWSB06R9VKZD9X3"',
206 silly get     age: '23',
206 silly get     connection: 'keep-alive',
206 silly get     'x-served-by': 'cache-dfw1840-DFW',
206 silly get     'x-cache': 'HIT',
206 silly get     'x-cache-hits': '1',
206 silly get     'x-timer': 'S1478478831.696621,VS0,VE0',
206 silly get     vary: 'Accept-Encoding' } ]
207 verbose etag https://registry.npmjs.org/glob from cache
208 verbose get saving glob to /home/matt/.npm/registry.npmjs.org/glob/.cache.json
209 silly resolveWithNewModule glob@5.0.15 checking installable status
210 silly cache add args [ 'glob@~5.0.0', null ]
211 verbose cache add spec glob@~5.0.0
212 silly cache add parsed spec Result {
212 silly cache add   raw: 'glob@~5.0.0',
212 silly cache add   scope: null,
212 silly cache add   name: 'glob',
212 silly cache add   rawSpec: '~5.0.0',
212 silly cache add   spec: '>=5.0.0 <5.1.0',
212 silly cache add   type: 'range' }
213 silly addNamed glob@>=5.0.0 <5.1.0
214 verbose addNamed ">=5.0.0 <5.1.0" is a valid semver range for glob
215 silly addNameRange { name: 'glob', range: '>=5.0.0 <5.1.0', hasData: false }
216 silly mapToRegistry name glob
217 silly mapToRegistry using default registry
218 silly mapToRegistry registry https://registry.npmjs.org/
219 silly mapToRegistry uri https://registry.npmjs.org/glob
220 verbose addNameRange registry:https://registry.npmjs.org/glob not in flight; fetching
221 verbose get https://registry.npmjs.org/glob not expired, no request
222 silly addNameRange number 2 { name: 'glob', range: '>=5.0.0 <5.1.0', hasData: true }
223 silly addNameRange versions [ 'glob',
223 silly addNameRange   [ '1.1.0',
223 silly addNameRange     '2.0.9',
223 silly addNameRange     '2.0.8',
223 silly addNameRange     '2.0.7',
223 silly addNameRange     '2.1.0',
223 silly addNameRange     '3.0.0',
223 silly addNameRange     '3.0.1',
223 silly addNameRange     '3.1.0',
223 silly addNameRange     '3.1.1',
223 silly addNameRange     '3.1.2',
223 silly addNameRange     '3.1.3',
223 silly addNameRange     '3.1.4',
223 silly addNameRange     '3.1.5',
223 silly addNameRange     '3.1.6',
223 silly addNameRange     '3.1.7',
223 silly addNameRange     '3.1.9',
223 silly addNameRange     '3.1.10',
223 silly addNameRange     '3.1.11',
223 silly addNameRange     '3.1.12',
223 silly addNameRange     '3.1.13',
223 silly addNameRange     '3.1.14',
223 silly addNameRange     '3.1.15',
223 silly addNameRange     '3.1.16',
223 silly addNameRange     '3.1.17',
223 silly addNameRange     '3.1.18',
223 silly addNameRange     '3.1.19',
223 silly addNameRange     '3.1.20',
223 silly addNameRange     '3.1.21',
223 silly addNameRange     '3.2.0',
223 silly addNameRange     '3.2.1',
223 silly addNameRange     '3.2.3',
223 silly addNameRange     '3.2.4',
223 silly addNameRange     '3.2.5',
223 silly addNameRange     '3.2.6',
223 silly addNameRange     '3.2.7',
223 silly addNameRange     '3.2.8',
223 silly addNameRange     '3.2.9',
223 silly addNameRange     '3.2.10',
223 silly addNameRange     '3.2.11',
223 silly addNameRange     '4.0.0',
223 silly addNameRange     '4.0.1',
223 silly addNameRange     '4.0.2',
223 silly addNameRange     '4.0.3',
223 silly addNameRange     '4.0.4',
223 silly addNameRange     '4.0.5',
223 silly addNameRange     '4.0.6',
223 silly addNameRange     '4.1.2-beta',
223 silly addNameRange     '4.1.2',
223 silly addNameRange     '4.1.3',
223 silly addNameRange     '4.1.4',
223 silly addNameRange     '4.1.5',
223 silly addNameRange     '4.1.6',
223 silly addNameRange     '4.2.0',
223 silly addNameRange     '4.2.1',
223 silly addNameRange     '4.2.2',
223 silly addNameRange     '4.3.0',
223 silly addNameRange     '4.3.1',
223 silly addNameRange     '4.3.2',
223 silly addNameRange     '4.3.3',
223 silly addNameRange     '4.3.4',
223 silly addNameRange     '4.3.5',
223 silly addNameRange     '4.4.0',
223 silly addNameRange     '4.4.2',
223 silly addNameRange     '4.5.0',
223 silly addNameRange     '5.0.0',
223 silly addNameRange     '4.5.1',
223 silly addNameRange     '5.0.1',
223 silly addNameRange     '4.5.2',
223 silly addNameRange     '5.0.2',
223 silly addNameRange     '4.5.3',
223 silly addNameRange     '5.0.3',
223 silly addNameRange     '5.0.4',
223 silly addNameRange     '5.0.5',
223 silly addNameRange     '5.0.6',
223 silly addNameRange     '5.0.7',
223 silly addNameRange     '5.0.9',
223 silly addNameRange     '5.0.10',
223 silly addNameRange     '5.0.11',
223 silly addNameRange     '5.0.12',
223 silly addNameRange     '5.0.13',
223 silly addNameRange     '5.0.14',
223 silly addNameRange     '5.0.15',
223 silly addNameRange     '6.0.1',
223 silly addNameRange     '6.0.2',
223 silly addNameRange     '6.0.3',
223 silly addNameRange     '6.0.4',
223 silly addNameRange     '7.0.0',
223 silly addNameRange     '7.0.1',
223 silly addNameRange     '7.0.3',
223 silly addNameRange     '7.0.4',
223 silly addNameRange     '7.0.5',
223 silly addNameRange     '7.0.6',
223 silly addNameRange     '7.1.0',
223 silly addNameRange     '7.1.1' ] ]
224 silly addNamed glob@5.0.15
225 verbose addNamed "5.0.15" is a plain semver version for glob
226 silly cache afterAdd glob@5.0.15
227 verbose afterAdd /home/matt/.npm/glob/5.0.15/package/package.json not in flight; writing
228 verbose afterAdd /home/matt/.npm/glob/5.0.15/package/package.json written
229 silly fetchNamedPackageData inflight
230 silly mapToRegistry name inflight
231 silly mapToRegistry using default registry
232 silly mapToRegistry registry https://registry.npmjs.org/
233 silly mapToRegistry uri https://registry.npmjs.org/inflight
234 silly fetchNamedPackageData inherits
235 silly mapToRegistry name inherits
236 silly mapToRegistry using default registry
237 silly mapToRegistry registry https://registry.npmjs.org/
238 silly mapToRegistry uri https://registry.npmjs.org/inherits
239 silly fetchNamedPackageData minimatch
240 silly mapToRegistry name minimatch
241 silly mapToRegistry using default registry
242 silly mapToRegistry registry https://registry.npmjs.org/
243 silly mapToRegistry uri https://registry.npmjs.org/minimatch
244 silly fetchNamedPackageData once
245 silly mapToRegistry name once
246 silly mapToRegistry using default registry
247 silly mapToRegistry registry https://registry.npmjs.org/
248 silly mapToRegistry uri https://registry.npmjs.org/once
249 silly fetchNamedPackageData path-is-absolute
250 silly mapToRegistry name path-is-absolute
251 silly mapToRegistry using default registry
252 silly mapToRegistry registry https://registry.npmjs.org/
253 silly mapToRegistry uri https://registry.npmjs.org/path-is-absolute
254 verbose request uri https://registry.npmjs.org/inherits
255 verbose request no auth needed
256 info attempt registry request try #1 at 6:33:50 PM
257 verbose etag "2YNCXX6E4VVMWLPTH6TDM22UQ"
258 http request GET https://registry.npmjs.org/inherits
259 verbose request uri https://registry.npmjs.org/inflight
260 verbose request no auth needed
261 info attempt registry request try #1 at 6:33:50 PM
262 verbose etag "B5UJLJNL9FPOSTAHE5FIXQGLU"
263 http request GET https://registry.npmjs.org/inflight
264 verbose request uri https://registry.npmjs.org/minimatch
265 verbose request no auth needed
266 info attempt registry request try #1 at 6:33:50 PM
267 verbose etag "8VUUHOJJAI6MPAUAJJZR5FC1M"
268 http request GET https://registry.npmjs.org/minimatch
269 verbose request uri https://registry.npmjs.org/path-is-absolute
270 verbose request no auth needed
271 info attempt registry request try #1 at 6:33:50 PM
272 verbose etag "3RYEEENZ41ZISE57ESW4DB8DM"
273 http request GET https://registry.npmjs.org/path-is-absolute
274 verbose request uri https://registry.npmjs.org/once
275 verbose request no auth needed
276 info attempt registry request try #1 at 6:33:50 PM
277 verbose etag "CJQUQJ8MPDC4C4VCZWW4NYHVN"
278 http request GET https://registry.npmjs.org/once
279 http 304 https://registry.npmjs.org/inherits
280 verbose headers { date: 'Mon, 07 Nov 2016 00:33:51 GMT',
280 verbose headers   via: '1.1 varnish',
280 verbose headers   'cache-control': 'max-age=300',
280 verbose headers   etag: '"2YNCXX6E4VVMWLPTH6TDM22UQ"',
280 verbose headers   age: '156',
280 verbose headers   connection: 'keep-alive',
280 verbose headers   'x-served-by': 'cache-dfw1847-DFW',
280 verbose headers   'x-cache': 'HIT',
280 verbose headers   'x-cache-hits': '3',
280 verbose headers   'x-timer': 'S1478478831.820986,VS0,VE0',
280 verbose headers   vary: 'Accept-Encoding' }
281 silly get cb [ 304,
281 silly get   { date: 'Mon, 07 Nov 2016 00:33:51 GMT',
281 silly get     via: '1.1 varnish',
281 silly get     'cache-control': 'max-age=300',
281 silly get     etag: '"2YNCXX6E4VVMWLPTH6TDM22UQ"',
281 silly get     age: '156',
281 silly get     connection: 'keep-alive',
281 silly get     'x-served-by': 'cache-dfw1847-DFW',
281 silly get     'x-cache': 'HIT',
281 silly get     'x-cache-hits': '3',
281 silly get     'x-timer': 'S1478478831.820986,VS0,VE0',
281 silly get     vary: 'Accept-Encoding' } ]
282 verbose etag https://registry.npmjs.org/inherits from cache
283 verbose get saving inherits to /home/matt/.npm/registry.npmjs.org/inherits/.cache.json
284 silly resolveWithNewModule inherits@2.0.3 checking installable status
285 silly cache add args [ 'inherits@2', null ]
286 verbose cache add spec inherits@2
287 silly cache add parsed spec Result {
287 silly cache add   raw: 'inherits@2',
287 silly cache add   scope: null,
287 silly cache add   name: 'inherits',
287 silly cache add   rawSpec: '2',
287 silly cache add   spec: '>=2.0.0 <3.0.0',
287 silly cache add   type: 'range' }
288 silly addNamed inherits@>=2.0.0 <3.0.0
289 verbose addNamed ">=2.0.0 <3.0.0" is a valid semver range for inherits
290 silly addNameRange { name: 'inherits', range: '>=2.0.0 <3.0.0', hasData: false }
291 silly mapToRegistry name inherits
292 silly mapToRegistry using default registry
293 silly mapToRegistry registry https://registry.npmjs.org/
294 silly mapToRegistry uri https://registry.npmjs.org/inherits
295 verbose addNameRange registry:https://registry.npmjs.org/inherits not in flight; fetching
296 verbose get https://registry.npmjs.org/inherits not expired, no request
297 silly addNameRange number 2 { name: 'inherits', range: '>=2.0.0 <3.0.0', hasData: true }
298 silly addNameRange versions [ 'inherits',
298 silly addNameRange   [ '1.0.0', '2.0.0', '2.0.1', '1.0.1', '1.0.2', '2.0.3' ] ]
299 silly addNamed inherits@2.0.3
300 verbose addNamed "2.0.3" is a plain semver version for inherits
301 silly cache afterAdd inherits@2.0.3
302 verbose afterAdd /home/matt/.npm/inherits/2.0.3/package/package.json not in flight; writing
303 verbose afterAdd /home/matt/.npm/inherits/2.0.3/package/package.json written
304 http 304 https://registry.npmjs.org/minimatch
305 verbose headers { date: 'Mon, 07 Nov 2016 00:33:51 GMT',
305 verbose headers   via: '1.1 varnish',
305 verbose headers   'cache-control': 'max-age=300',
305 verbose headers   etag: '"8VUUHOJJAI6MPAUAJJZR5FC1M"',
305 verbose headers   age: '201',
305 verbose headers   connection: 'keep-alive',
305 verbose headers   'x-served-by': 'cache-dfw1828-DFW',
305 verbose headers   'x-cache': 'HIT',
305 verbose headers   'x-cache-hits': '6',
305 verbose headers   'x-timer': 'S1478478831.828196,VS0,VE0',
305 verbose headers   vary: 'Accept-Encoding' }
306 silly get cb [ 304,
306 silly get   { date: 'Mon, 07 Nov 2016 00:33:51 GMT',
306 silly get     via: '1.1 varnish',
306 silly get     'cache-control': 'max-age=300',
306 silly get     etag: '"8VUUHOJJAI6MPAUAJJZR5FC1M"',
306 silly get     age: '201',
306 silly get     connection: 'keep-alive',
306 silly get     'x-served-by': 'cache-dfw1828-DFW',
306 silly get     'x-cache': 'HIT',
306 silly get     'x-cache-hits': '6',
306 silly get     'x-timer': 'S1478478831.828196,VS0,VE0',
306 silly get     vary: 'Accept-Encoding' } ]
307 verbose etag https://registry.npmjs.org/minimatch from cache
308 verbose get saving minimatch to /home/matt/.npm/registry.npmjs.org/minimatch/.cache.json
309 http 304 https://registry.npmjs.org/inflight
310 verbose headers { date: 'Mon, 07 Nov 2016 00:33:51 GMT',
310 verbose headers   via: '1.1 varnish',
310 verbose headers   'cache-control': 'max-age=300',
310 verbose headers   etag: '"B5UJLJNL9FPOSTAHE5FIXQGLU"',
310 verbose headers   age: '183',
310 verbose headers   connection: 'keep-alive',
310 verbose headers   'x-served-by': 'cache-dfw1837-DFW',
310 verbose headers   'x-cache': 'HIT',
310 verbose headers   'x-cache-hits': '5',
310 verbose headers   'x-timer': 'S1478478831.832338,VS0,VE0',
310 verbose headers   vary: 'Accept-Encoding' }
311 silly get cb [ 304,
311 silly get   { date: 'Mon, 07 Nov 2016 00:33:51 GMT',
311 silly get     via: '1.1 varnish',
311 silly get     'cache-control': 'max-age=300',
311 silly get     etag: '"B5UJLJNL9FPOSTAHE5FIXQGLU"',
311 silly get     age: '183',
311 silly get     connection: 'keep-alive',
311 silly get     'x-served-by': 'cache-dfw1837-DFW',
311 silly get     'x-cache': 'HIT',
311 silly get     'x-cache-hits': '5',
311 silly get     'x-timer': 'S1478478831.832338,VS0,VE0',
311 silly get     vary: 'Accept-Encoding' } ]
312 verbose etag https://registry.npmjs.org/inflight from cache
313 verbose get saving inflight to /home/matt/.npm/registry.npmjs.org/inflight/.cache.json
314 http 304 https://registry.npmjs.org/path-is-absolute
315 verbose headers { date: 'Mon, 07 Nov 2016 00:33:51 GMT',
315 verbose headers   via: '1.1 varnish',
315 verbose headers   'cache-control': 'max-age=300',
315 verbose headers   etag: '"3RYEEENZ41ZISE57ESW4DB8DM"',
315 verbose headers   age: '233',
315 verbose headers   connection: 'keep-alive',
315 verbose headers   'x-served-by': 'cache-dfw1835-DFW',
315 verbose headers   'x-cache': 'HIT',
315 verbose headers   'x-cache-hits': '8',
315 verbose headers   'x-timer': 'S1478478831.833615,VS0,VE0',
315 verbose headers   vary: 'Accept-Encoding' }
316 silly get cb [ 304,
316 silly get   { date: 'Mon, 07 Nov 2016 00:33:51 GMT',
316 silly get     via: '1.1 varnish',
316 silly get     'cache-control': 'max-age=300',
316 silly get     etag: '"3RYEEENZ41ZISE57ESW4DB8DM"',
316 silly get     age: '233',
316 silly get     connection: 'keep-alive',
316 silly get     'x-served-by': 'cache-dfw1835-DFW',
316 silly get     'x-cache': 'HIT',
316 silly get     'x-cache-hits': '8',
316 silly get     'x-timer': 'S1478478831.833615,VS0,VE0',
316 silly get     vary: 'Accept-Encoding' } ]
317 verbose etag https://registry.npmjs.org/path-is-absolute from cache
318 verbose get saving path-is-absolute to /home/matt/.npm/registry.npmjs.org/path-is-absolute/.cache.json
319 silly resolveWithNewModule inflight@1.0.6 checking installable status
320 silly cache add args [ 'inflight@^1.0.4', null ]
321 verbose cache add spec inflight@^1.0.4
322 silly cache add parsed spec Result {
322 silly cache add   raw: 'inflight@^1.0.4',
322 silly cache add   scope: null,
322 silly cache add   name: 'inflight',
322 silly cache add   rawSpec: '^1.0.4',
322 silly cache add   spec: '>=1.0.4 <2.0.0',
322 silly cache add   type: 'range' }
323 silly addNamed inflight@>=1.0.4 <2.0.0
324 verbose addNamed ">=1.0.4 <2.0.0" is a valid semver range for inflight
325 silly addNameRange { name: 'inflight', range: '>=1.0.4 <2.0.0', hasData: false }
326 silly mapToRegistry name inflight
327 silly mapToRegistry using default registry
328 silly mapToRegistry registry https://registry.npmjs.org/
329 silly mapToRegistry uri https://registry.npmjs.org/inflight
330 verbose addNameRange registry:https://registry.npmjs.org/inflight not in flight; fetching
331 silly resolveWithNewModule minimatch@3.0.3 checking installable status
332 silly cache add args [ 'minimatch@2 || 3', null ]
333 verbose cache add spec minimatch@2 || 3
334 silly cache add parsed spec Result {
334 silly cache add   raw: 'minimatch@2 || 3',
334 silly cache add   scope: null,
334 silly cache add   name: 'minimatch',
334 silly cache add   rawSpec: '2 || 3',
334 silly cache add   spec: '>=2.0.0 <3.0.0||>=3.0.0 <4.0.0',
334 silly cache add   type: 'range' }
335 silly addNamed minimatch@>=2.0.0 <3.0.0||>=3.0.0 <4.0.0
336 verbose addNamed ">=2.0.0 <3.0.0||>=3.0.0 <4.0.0" is a valid semver range for minimatch
337 silly addNameRange { name: 'minimatch',
337 silly addNameRange   range: '>=2.0.0 <3.0.0||>=3.0.0 <4.0.0',
337 silly addNameRange   hasData: false }
338 silly mapToRegistry name minimatch
339 silly mapToRegistry using default registry
340 silly mapToRegistry registry https://registry.npmjs.org/
341 silly mapToRegistry uri https://registry.npmjs.org/minimatch
342 verbose addNameRange registry:https://registry.npmjs.org/minimatch not in flight; fetching
343 silly resolveWithNewModule path-is-absolute@1.0.1 checking installable status
344 silly cache add args [ 'path-is-absolute@^1.0.0', null ]
345 verbose cache add spec path-is-absolute@^1.0.0
346 silly cache add parsed spec Result {
346 silly cache add   raw: 'path-is-absolute@^1.0.0',
346 silly cache add   scope: null,
346 silly cache add   name: 'path-is-absolute',
346 silly cache add   rawSpec: '^1.0.0',
346 silly cache add   spec: '>=1.0.0 <2.0.0',
346 silly cache add   type: 'range' }
347 silly addNamed path-is-absolute@>=1.0.0 <2.0.0
348 verbose addNamed ">=1.0.0 <2.0.0" is a valid semver range for path-is-absolute
349 silly addNameRange { name: 'path-is-absolute',
349 silly addNameRange   range: '>=1.0.0 <2.0.0',
349 silly addNameRange   hasData: false }
350 silly mapToRegistry name path-is-absolute
351 silly mapToRegistry using default registry
352 silly mapToRegistry registry https://registry.npmjs.org/
353 silly mapToRegistry uri https://registry.npmjs.org/path-is-absolute
354 verbose addNameRange registry:https://registry.npmjs.org/path-is-absolute not in flight; fetching
355 verbose get https://registry.npmjs.org/inflight not expired, no request
356 silly addNameRange number 2 { name: 'inflight', range: '>=1.0.4 <2.0.0', hasData: true }
357 silly addNameRange versions [ 'inflight',
357 silly addNameRange   [ '1.0.0', '1.0.1', '1.0.2', '1.0.3', '1.0.4', '1.0.5', '1.0.6' ] ]
358 silly addNamed inflight@1.0.6
359 verbose addNamed "1.0.6" is a plain semver version for inflight
360 verbose get https://registry.npmjs.org/minimatch not expired, no request
361 silly addNameRange number 2 { name: 'minimatch',
361 silly addNameRange   range: '>=2.0.0 <3.0.0||>=3.0.0 <4.0.0',
361 silly addNameRange   hasData: true }
362 silly addNameRange versions [ 'minimatch',
362 silly addNameRange   [ '0.0.1',
362 silly addNameRange     '0.0.2',
362 silly addNameRange     '0.0.4',
362 silly addNameRange     '0.0.5',
362 silly addNameRange     '0.1.1',
362 silly addNameRange     '0.1.2',
362 silly addNameRange     '0.1.3',
362 silly addNameRange     '0.1.4',
362 silly addNameRange     '0.1.5',
362 silly addNameRange     '0.2.0',
362 silly addNameRange     '0.2.2',
362 silly addNameRange     '0.2.3',
362 silly addNameRange     '0.2.4',
362 silly addNameRange     '0.2.5',
362 silly addNameRange     '0.2.6',
362 silly addNameRange     '0.2.7',
362 silly addNameRange     '0.2.8',
362 silly addNameRange     '0.2.9',
362 silly addNameRange     '0.2.10',
362 silly addNameRange     '0.2.11',
362 silly addNameRange     '0.2.12',
362 silly addNameRange     '0.2.13',
362 silly addNameRange     '0.2.14',
362 silly addNameRange     '0.3.0',
362 silly addNameRange     '0.4.0',
362 silly addNameRange     '1.0.0',
362 silly addNameRange     '2.0.0',
362 silly addNameRange     '2.0.1',
362 silly addNameRange     '2.0.2',
362 silly addNameRange     '2.0.3',
362 silly addNameRange     '2.0.4',
362 silly addNameRange     '2.0.5',
362 silly addNameRange     '2.0.6',
362 silly addNameRange     '2.0.7',
362 silly addNameRange     '2.0.8',
362 silly addNameRange     '2.0.9',
362 silly addNameRange     '2.0.10',
362 silly addNameRange     '3.0.0',
362 silly addNameRange     '3.0.2',
362 silly addNameRange     '3.0.3' ] ]
363 silly addNamed minimatch@3.0.3
364 verbose addNamed "3.0.3" is a plain semver version for minimatch
365 verbose get https://registry.npmjs.org/path-is-absolute not expired, no request
366 silly addNameRange number 2 { name: 'path-is-absolute',
366 silly addNameRange   range: '>=1.0.0 <2.0.0',
366 silly addNameRange   hasData: true }
367 silly addNameRange versions [ 'path-is-absolute', [ '1.0.0', '1.0.1' ] ]
368 silly addNamed path-is-absolute@1.0.1
369 verbose addNamed "1.0.1" is a plain semver version for path-is-absolute
370 silly cache afterAdd inflight@1.0.6
371 verbose afterAdd /home/matt/.npm/inflight/1.0.6/package/package.json not in flight; writing
372 silly cache afterAdd minimatch@3.0.3
373 verbose afterAdd /home/matt/.npm/minimatch/3.0.3/package/package.json not in flight; writing
374 silly cache afterAdd path-is-absolute@1.0.1
375 verbose afterAdd /home/matt/.npm/path-is-absolute/1.0.1/package/package.json not in flight; writing
376 verbose afterAdd /home/matt/.npm/inflight/1.0.6/package/package.json written
377 verbose afterAdd /home/matt/.npm/minimatch/3.0.3/package/package.json written
378 verbose afterAdd /home/matt/.npm/path-is-absolute/1.0.1/package/package.json written
379 http 304 https://registry.npmjs.org/once
380 verbose headers { date: 'Mon, 07 Nov 2016 00:33:51 GMT',
380 verbose headers   via: '1.1 varnish',
380 verbose headers   'cache-control': 'max-age=300',
380 verbose headers   etag: '"CJQUQJ8MPDC4C4VCZWW4NYHVN"',
380 verbose headers   age: '76',
380 verbose headers   connection: 'keep-alive',
380 verbose headers   'x-served-by': 'cache-dfw1835-DFW',
380 verbose headers   'x-cache': 'HIT',
380 verbose headers   'x-cache-hits': '2',
380 verbose headers   'x-timer': 'S1478478831.851399,VS0,VE0',
380 verbose headers   vary: 'Accept-Encoding' }
381 silly get cb [ 304,
381 silly get   { date: 'Mon, 07 Nov 2016 00:33:51 GMT',
381 silly get     via: '1.1 varnish',
381 silly get     'cache-control': 'max-age=300',
381 silly get     etag: '"CJQUQJ8MPDC4C4VCZWW4NYHVN"',
381 silly get     age: '76',
381 silly get     connection: 'keep-alive',
381 silly get     'x-served-by': 'cache-dfw1835-DFW',
381 silly get     'x-cache': 'HIT',
381 silly get     'x-cache-hits': '2',
381 silly get     'x-timer': 'S1478478831.851399,VS0,VE0',
381 silly get     vary: 'Accept-Encoding' } ]
382 verbose etag https://registry.npmjs.org/once from cache
383 verbose get saving once to /home/matt/.npm/registry.npmjs.org/once/.cache.json
384 silly resolveWithNewModule once@1.4.0 checking installable status
385 silly cache add args [ 'once@^1.3.0', null ]
386 verbose cache add spec once@^1.3.0
387 silly cache add parsed spec Result {
387 silly cache add   raw: 'once@^1.3.0',
387 silly cache add   scope: null,
387 silly cache add   name: 'once',
387 silly cache add   rawSpec: '^1.3.0',
387 silly cache add   spec: '>=1.3.0 <2.0.0',
387 silly cache add   type: 'range' }
388 silly addNamed once@>=1.3.0 <2.0.0
389 verbose addNamed ">=1.3.0 <2.0.0" is a valid semver range for once
390 silly addNameRange { name: 'once', range: '>=1.3.0 <2.0.0', hasData: false }
391 silly mapToRegistry name once
392 silly mapToRegistry using default registry
393 silly mapToRegistry registry https://registry.npmjs.org/
394 silly mapToRegistry uri https://registry.npmjs.org/once
395 verbose addNameRange registry:https://registry.npmjs.org/once not in flight; fetching
396 verbose get https://registry.npmjs.org/once not expired, no request
397 silly addNameRange number 2 { name: 'once', range: '>=1.3.0 <2.0.0', hasData: true }
398 silly addNameRange versions [ 'once',
398 silly addNameRange   [ '1.1.1', '1.2.0', '1.3.0', '1.3.1', '1.3.2', '1.3.3', '1.4.0' ] ]
399 silly addNamed once@1.4.0
400 verbose addNamed "1.4.0" is a plain semver version for once
401 silly cache afterAdd once@1.4.0
402 verbose afterAdd /home/matt/.npm/once/1.4.0/package/package.json not in flight; writing
403 verbose afterAdd /home/matt/.npm/once/1.4.0/package/package.json written
404 silly fetchNamedPackageData wrappy
405 silly mapToRegistry name wrappy
406 silly mapToRegistry using default registry
407 silly mapToRegistry registry https://registry.npmjs.org/
408 silly mapToRegistry uri https://registry.npmjs.org/wrappy
409 verbose request uri https://registry.npmjs.org/wrappy
410 verbose request no auth needed
411 info attempt registry request try #1 at 6:33:50 PM
412 verbose etag "64COCDQ53OAY0Z4QY1YZXI14L"
413 http request GET https://registry.npmjs.org/wrappy
414 http 304 https://registry.npmjs.org/wrappy
415 verbose headers { date: 'Mon, 07 Nov 2016 00:33:51 GMT',
415 verbose headers   via: '1.1 varnish',
415 verbose headers   'cache-control': 'max-age=300',
415 verbose headers   etag: '"64COCDQ53OAY0Z4QY1YZXI14L"',
415 verbose headers   age: '233',
415 verbose headers   connection: 'keep-alive',
415 verbose headers   'x-served-by': 'cache-dfw1822-DFW',
415 verbose headers   'x-cache': 'HIT',
415 verbose headers   'x-cache-hits': '3',
415 verbose headers   'x-timer': 'S1478478831.951153,VS0,VE0',
415 verbose headers   vary: 'Accept-Encoding' }
416 silly get cb [ 304,
416 silly get   { date: 'Mon, 07 Nov 2016 00:33:51 GMT',
416 silly get     via: '1.1 varnish',
416 silly get     'cache-control': 'max-age=300',
416 silly get     etag: '"64COCDQ53OAY0Z4QY1YZXI14L"',
416 silly get     age: '233',
416 silly get     connection: 'keep-alive',
416 silly get     'x-served-by': 'cache-dfw1822-DFW',
416 silly get     'x-cache': 'HIT',
416 silly get     'x-cache-hits': '3',
416 silly get     'x-timer': 'S1478478831.951153,VS0,VE0',
416 silly get     vary: 'Accept-Encoding' } ]
417 verbose etag https://registry.npmjs.org/wrappy from cache
418 verbose get saving wrappy to /home/matt/.npm/registry.npmjs.org/wrappy/.cache.json
419 silly resolveWithNewModule wrappy@1.0.2 checking installable status
420 silly cache add args [ 'wrappy@1', null ]
421 verbose cache add spec wrappy@1
422 silly cache add parsed spec Result {
422 silly cache add   raw: 'wrappy@1',
422 silly cache add   scope: null,
422 silly cache add   name: 'wrappy',
422 silly cache add   rawSpec: '1',
422 silly cache add   spec: '>=1.0.0 <2.0.0',
422 silly cache add   type: 'range' }
423 silly addNamed wrappy@>=1.0.0 <2.0.0
424 verbose addNamed ">=1.0.0 <2.0.0" is a valid semver range for wrappy
425 silly addNameRange { name: 'wrappy', range: '>=1.0.0 <2.0.0', hasData: false }
426 silly mapToRegistry name wrappy
427 silly mapToRegistry using default registry
428 silly mapToRegistry registry https://registry.npmjs.org/
429 silly mapToRegistry uri https://registry.npmjs.org/wrappy
430 verbose addNameRange registry:https://registry.npmjs.org/wrappy not in flight; fetching
431 verbose get https://registry.npmjs.org/wrappy not expired, no request
432 silly addNameRange number 2 { name: 'wrappy', range: '>=1.0.0 <2.0.0', hasData: true }
433 silly addNameRange versions [ 'wrappy', [ '1.0.0', '1.0.1', '1.0.2' ] ]
434 silly addNamed wrappy@1.0.2
435 verbose addNamed "1.0.2" is a plain semver version for wrappy
436 silly cache afterAdd wrappy@1.0.2
437 verbose afterAdd /home/matt/.npm/wrappy/1.0.2/package/package.json not in flight; writing
438 verbose afterAdd /home/matt/.npm/wrappy/1.0.2/package/package.json written
439 silly fetchNamedPackageData brace-expansion
440 silly mapToRegistry name brace-expansion
441 silly mapToRegistry using default registry
442 silly mapToRegistry registry https://registry.npmjs.org/
443 silly mapToRegistry uri https://registry.npmjs.org/brace-expansion
444 verbose request uri https://registry.npmjs.org/brace-expansion
445 verbose request no auth needed
446 info attempt registry request try #1 at 6:33:50 PM
447 verbose etag "3699T8MMHGC0BN3ABJRKLHJ4W"
448 http request GET https://registry.npmjs.org/brace-expansion
449 http 304 https://registry.npmjs.org/brace-expansion
450 verbose headers { date: 'Mon, 07 Nov 2016 00:33:52 GMT',
450 verbose headers   via: '1.1 varnish',
450 verbose headers   'cache-control': 'max-age=300',
450 verbose headers   etag: '"3699T8MMHGC0BN3ABJRKLHJ4W"',
450 verbose headers   age: '200',
450 verbose headers   connection: 'keep-alive',
450 verbose headers   'x-served-by': 'cache-dfw1827-DFW',
450 verbose headers   'x-cache': 'HIT',
450 verbose headers   'x-cache-hits': '6',
450 verbose headers   'x-timer': 'S1478478832.057292,VS0,VE0',
450 verbose headers   vary: 'Accept-Encoding' }
451 silly get cb [ 304,
451 silly get   { date: 'Mon, 07 Nov 2016 00:33:52 GMT',
451 silly get     via: '1.1 varnish',
451 silly get     'cache-control': 'max-age=300',
451 silly get     etag: '"3699T8MMHGC0BN3ABJRKLHJ4W"',
451 silly get     age: '200',
451 silly get     connection: 'keep-alive',
451 silly get     'x-served-by': 'cache-dfw1827-DFW',
451 silly get     'x-cache': 'HIT',
451 silly get     'x-cache-hits': '6',
451 silly get     'x-timer': 'S1478478832.057292,VS0,VE0',
451 silly get     vary: 'Accept-Encoding' } ]
452 verbose etag https://registry.npmjs.org/brace-expansion from cache
453 verbose get saving brace-expansion to /home/matt/.npm/registry.npmjs.org/brace-expansion/.cache.json
454 silly resolveWithNewModule brace-expansion@1.1.6 checking installable status
455 silly cache add args [ 'brace-expansion@^1.0.0', null ]
456 verbose cache add spec brace-expansion@^1.0.0
457 silly cache add parsed spec Result {
457 silly cache add   raw: 'brace-expansion@^1.0.0',
457 silly cache add   scope: null,
457 silly cache add   name: 'brace-expansion',
457 silly cache add   rawSpec: '^1.0.0',
457 silly cache add   spec: '>=1.0.0 <2.0.0',
457 silly cache add   type: 'range' }
458 silly addNamed brace-expansion@>=1.0.0 <2.0.0
459 verbose addNamed ">=1.0.0 <2.0.0" is a valid semver range for brace-expansion
460 silly addNameRange { name: 'brace-expansion',
460 silly addNameRange   range: '>=1.0.0 <2.0.0',
460 silly addNameRange   hasData: false }
461 silly mapToRegistry name brace-expansion
462 silly mapToRegistry using default registry
463 silly mapToRegistry registry https://registry.npmjs.org/
464 silly mapToRegistry uri https://registry.npmjs.org/brace-expansion
465 verbose addNameRange registry:https://registry.npmjs.org/brace-expansion not in flight; fetching
466 verbose get https://registry.npmjs.org/brace-expansion not expired, no request
467 silly addNameRange number 2 { name: 'brace-expansion',
467 silly addNameRange   range: '>=1.0.0 <2.0.0',
467 silly addNameRange   hasData: true }
468 silly addNameRange versions [ 'brace-expansion',
468 silly addNameRange   [ '0.0.0',
468 silly addNameRange     '1.0.0',
468 silly addNameRange     '1.0.1',
468 silly addNameRange     '1.1.0',
468 silly addNameRange     '1.1.1',
468 silly addNameRange     '1.1.2',
468 silly addNameRange     '1.1.3',
468 silly addNameRange     '1.1.4',
468 silly addNameRange     '1.1.5',
468 silly addNameRange     '1.1.6' ] ]
469 silly addNamed brace-expansion@1.1.6
470 verbose addNamed "1.1.6" is a plain semver version for brace-expansion
471 silly cache afterAdd brace-expansion@1.1.6
472 verbose afterAdd /home/matt/.npm/brace-expansion/1.1.6/package/package.json not in flight; writing
473 verbose afterAdd /home/matt/.npm/brace-expansion/1.1.6/package/package.json written
474 silly fetchNamedPackageData balanced-match
475 silly mapToRegistry name balanced-match
476 silly mapToRegistry using default registry
477 silly mapToRegistry registry https://registry.npmjs.org/
478 silly mapToRegistry uri https://registry.npmjs.org/balanced-match
479 silly fetchNamedPackageData concat-map
480 silly mapToRegistry name concat-map
481 silly mapToRegistry using default registry
482 silly mapToRegistry registry https://registry.npmjs.org/
483 silly mapToRegistry uri https://registry.npmjs.org/concat-map
484 verbose request uri https://registry.npmjs.org/concat-map
485 verbose request no auth needed
486 info attempt registry request try #1 at 6:33:50 PM
487 verbose etag "66LI2B4AH1989LYDFSL4P944A"
488 http request GET https://registry.npmjs.org/concat-map
489 verbose request uri https://registry.npmjs.org/balanced-match
490 verbose request no auth needed
491 info attempt registry request try #1 at 6:33:50 PM
492 verbose etag "F15USL4EKTBR2S3SNHJ3NM0EX"
493 http request GET https://registry.npmjs.org/balanced-match
494 http 304 https://registry.npmjs.org/balanced-match
495 verbose headers { date: 'Mon, 07 Nov 2016 00:33:52 GMT',
495 verbose headers   via: '1.1 varnish',
495 verbose headers   'cache-control': 'max-age=300',
495 verbose headers   etag: '"F15USL4EKTBR2S3SNHJ3NM0EX"',
495 verbose headers   age: '168',
495 verbose headers   connection: 'keep-alive',
495 verbose headers   'x-served-by': 'cache-dfw1823-DFW',
495 verbose headers   'x-cache': 'HIT',
495 verbose headers   'x-cache-hits': '3',
495 verbose headers   'x-timer': 'S1478478832.163515,VS0,VE0',
495 verbose headers   vary: 'Accept-Encoding' }
496 silly get cb [ 304,
496 silly get   { date: 'Mon, 07 Nov 2016 00:33:52 GMT',
496 silly get     via: '1.1 varnish',
496 silly get     'cache-control': 'max-age=300',
496 silly get     etag: '"F15USL4EKTBR2S3SNHJ3NM0EX"',
496 silly get     age: '168',
496 silly get     connection: 'keep-alive',
496 silly get     'x-served-by': 'cache-dfw1823-DFW',
496 silly get     'x-cache': 'HIT',
496 silly get     'x-cache-hits': '3',
496 silly get     'x-timer': 'S1478478832.163515,VS0,VE0',
496 silly get     vary: 'Accept-Encoding' } ]
497 verbose etag https://registry.npmjs.org/balanced-match from cache
498 verbose get saving balanced-match to /home/matt/.npm/registry.npmjs.org/balanced-match/.cache.json
499 http 304 https://registry.npmjs.org/concat-map
500 verbose headers { date: 'Mon, 07 Nov 2016 00:33:52 GMT',
500 verbose headers   via: '1.1 varnish',
500 verbose headers   'cache-control': 'max-age=300',
500 verbose headers   etag: '"66LI2B4AH1989LYDFSL4P944A"',
500 verbose headers   age: '129',
500 verbose headers   connection: 'keep-alive',
500 verbose headers   'x-served-by': 'cache-dfw1836-DFW',
500 verbose headers   'x-cache': 'HIT',
500 verbose headers   'x-cache-hits': '2',
500 verbose headers   'x-timer': 'S1478478832.164025,VS0,VE0',
500 verbose headers   vary: 'Accept-Encoding' }
501 silly get cb [ 304,
501 silly get   { date: 'Mon, 07 Nov 2016 00:33:52 GMT',
501 silly get     via: '1.1 varnish',
501 silly get     'cache-control': 'max-age=300',
501 silly get     etag: '"66LI2B4AH1989LYDFSL4P944A"',
501 silly get     age: '129',
501 silly get     connection: 'keep-alive',
501 silly get     'x-served-by': 'cache-dfw1836-DFW',
501 silly get     'x-cache': 'HIT',
501 silly get     'x-cache-hits': '2',
501 silly get     'x-timer': 'S1478478832.164025,VS0,VE0',
501 silly get     vary: 'Accept-Encoding' } ]
502 verbose etag https://registry.npmjs.org/concat-map from cache
503 verbose get saving concat-map to /home/matt/.npm/registry.npmjs.org/concat-map/.cache.json
504 silly resolveWithNewModule concat-map@0.0.1 checking installable status
505 silly cache add args [ 'concat-map@0.0.1', null ]
506 verbose cache add spec concat-map@0.0.1
507 silly cache add parsed spec Result {
507 silly cache add   raw: 'concat-map@0.0.1',
507 silly cache add   scope: null,
507 silly cache add   name: 'concat-map',
507 silly cache add   rawSpec: '0.0.1',
507 silly cache add   spec: '0.0.1',
507 silly cache add   type: 'version' }
508 silly addNamed concat-map@0.0.1
509 verbose addNamed "0.0.1" is a plain semver version for concat-map
510 silly mapToRegistry name concat-map
511 silly mapToRegistry using default registry
512 silly mapToRegistry registry https://registry.npmjs.org/
513 silly mapToRegistry uri https://registry.npmjs.org/concat-map
514 verbose addNameVersion registry:https://registry.npmjs.org/concat-map not in flight; fetching
515 silly resolveWithNewModule balanced-match@0.4.2 checking installable status
516 silly cache add args [ 'balanced-match@^0.4.1', null ]
517 verbose cache add spec balanced-match@^0.4.1
518 silly cache add parsed spec Result {
518 silly cache add   raw: 'balanced-match@^0.4.1',
518 silly cache add   scope: null,
518 silly cache add   name: 'balanced-match',
518 silly cache add   rawSpec: '^0.4.1',
518 silly cache add   spec: '>=0.4.1 <0.5.0',
518 silly cache add   type: 'range' }
519 silly addNamed balanced-match@>=0.4.1 <0.5.0
520 verbose addNamed ">=0.4.1 <0.5.0" is a valid semver range for balanced-match
521 silly addNameRange { name: 'balanced-match',
521 silly addNameRange   range: '>=0.4.1 <0.5.0',
521 silly addNameRange   hasData: false }
522 silly mapToRegistry name balanced-match
523 silly mapToRegistry using default registry
524 silly mapToRegistry registry https://registry.npmjs.org/
525 silly mapToRegistry uri https://registry.npmjs.org/balanced-match
526 verbose addNameRange registry:https://registry.npmjs.org/balanced-match not in flight; fetching
527 verbose get https://registry.npmjs.org/concat-map not expired, no request
528 verbose get https://registry.npmjs.org/balanced-match not expired, no request
529 silly addNameRange number 2 { name: 'balanced-match',
529 silly addNameRange   range: '>=0.4.1 <0.5.0',
529 silly addNameRange   hasData: true }
530 silly addNameRange versions [ 'balanced-match',
530 silly addNameRange   [ '0.0.0',
530 silly addNameRange     '0.0.1',
530 silly addNameRange     '0.1.0',
530 silly addNameRange     '0.2.0',
530 silly addNameRange     '0.2.1',
530 silly addNameRange     '0.3.0',
530 silly addNameRange     '0.4.0',
530 silly addNameRange     '0.4.1',
530 silly addNameRange     '0.4.2' ] ]
531 silly addNamed balanced-match@0.4.2
532 verbose addNamed "0.4.2" is a plain semver version for balanced-match
533 silly cache afterAdd balanced-match@0.4.2
534 verbose afterAdd /home/matt/.npm/balanced-match/0.4.2/package/package.json not in flight; writing
535 silly cache afterAdd concat-map@0.0.1
536 verbose afterAdd /home/matt/.npm/concat-map/0.0.1/package/package.json not in flight; writing
537 verbose afterAdd /home/matt/.npm/concat-map/0.0.1/package/package.json written
538 verbose afterAdd /home/matt/.npm/balanced-match/0.4.2/package/package.json written
539 silly fetchNamedPackageData abbrev
540 silly mapToRegistry name abbrev
541 silly mapToRegistry using default registry
542 silly mapToRegistry registry https://registry.npmjs.org/
543 silly mapToRegistry uri https://registry.npmjs.org/abbrev
544 verbose request uri https://registry.npmjs.org/abbrev
545 verbose request no auth needed
546 info attempt registry request try #1 at 6:33:51 PM
547 verbose etag "78OYN51FMJ10TMFFFF26DSP1C"
548 http request GET https://registry.npmjs.org/abbrev
549 http 304 https://registry.npmjs.org/abbrev
550 verbose headers { date: 'Mon, 07 Nov 2016 00:33:52 GMT',
550 verbose headers   via: '1.1 varnish',
550 verbose headers   'cache-control': 'max-age=300',
550 verbose headers   etag: '"78OYN51FMJ10TMFFFF26DSP1C"',
550 verbose headers   age: '91',
550 verbose headers   connection: 'keep-alive',
550 verbose headers   'x-served-by': 'cache-dfw1829-DFW',
550 verbose headers   'x-cache': 'HIT',
550 verbose headers   'x-cache-hits': '1',
550 verbose headers   'x-timer': 'S1478478832.260151,VS0,VE0',
550 verbose headers   vary: 'Accept-Encoding' }
551 silly get cb [ 304,
551 silly get   { date: 'Mon, 07 Nov 2016 00:33:52 GMT',
551 silly get     via: '1.1 varnish',
551 silly get     'cache-control': 'max-age=300',
551 silly get     etag: '"78OYN51FMJ10TMFFFF26DSP1C"',
551 silly get     age: '91',
551 silly get     connection: 'keep-alive',
551 silly get     'x-served-by': 'cache-dfw1829-DFW',
551 silly get     'x-cache': 'HIT',
551 silly get     'x-cache-hits': '1',
551 silly get     'x-timer': 'S1478478832.260151,VS0,VE0',
551 silly get     vary: 'Accept-Encoding' } ]
552 verbose etag https://registry.npmjs.org/abbrev from cache
553 verbose get saving abbrev to /home/matt/.npm/registry.npmjs.org/abbrev/.cache.json
554 silly resolveWithNewModule abbrev@1.0.9 checking installable status
555 silly cache add args [ 'abbrev@1', null ]
556 verbose cache add spec abbrev@1
557 silly cache add parsed spec Result {
557 silly cache add   raw: 'abbrev@1',
557 silly cache add   scope: null,
557 silly cache add   name: 'abbrev',
557 silly cache add   rawSpec: '1',
557 silly cache add   spec: '>=1.0.0 <2.0.0',
557 silly cache add   type: 'range' }
558 silly addNamed abbrev@>=1.0.0 <2.0.0
559 verbose addNamed ">=1.0.0 <2.0.0" is a valid semver range for abbrev
560 silly addNameRange { name: 'abbrev', range: '>=1.0.0 <2.0.0', hasData: false }
561 silly mapToRegistry name abbrev
562 silly mapToRegistry using default registry
563 silly mapToRegistry registry https://registry.npmjs.org/
564 silly mapToRegistry uri https://registry.npmjs.org/abbrev
565 verbose addNameRange registry:https://registry.npmjs.org/abbrev not in flight; fetching
566 verbose get https://registry.npmjs.org/abbrev not expired, no request
567 silly addNameRange number 2 { name: 'abbrev', range: '>=1.0.0 <2.0.0', hasData: true }
568 silly addNameRange versions [ 'abbrev',
568 silly addNameRange   [ '1.0.3', '1.0.4', '1.0.5', '1.0.6', '1.0.7', '1.0.9' ] ]
569 silly addNamed abbrev@1.0.9
570 verbose addNamed "1.0.9" is a plain semver version for abbrev
571 silly cache afterAdd abbrev@1.0.9
572 verbose afterAdd /home/matt/.npm/abbrev/1.0.9/package/package.json not in flight; writing
573 verbose afterAdd /home/matt/.npm/abbrev/1.0.9/package/package.json written
574 silly loadAllDepsIntoIdealTree Finishing
575 silly idealTree:prePrune lib
575 silly idealTree:prePrune  grunt-cli@1.2.0
575 silly idealTree:prePrune    abbrev@1.0.9
575 silly idealTree:prePrune    balanced-match@0.4.2
575 silly idealTree:prePrune    brace-expansion@1.1.6
575 silly idealTree:prePrune    concat-map@0.0.1
575 silly idealTree:prePrune    findup-sync@0.3.0
575 silly idealTree:prePrune    glob@5.0.15
575 silly idealTree:prePrune    grunt-known-options@1.1.0
575 silly idealTree:prePrune    inflight@1.0.6
575 silly idealTree:prePrune    inherits@2.0.3
575 silly idealTree:prePrune    minimatch@3.0.3
575 silly idealTree:prePrune    nopt@3.0.6
575 silly idealTree:prePrune    once@1.4.0
575 silly idealTree:prePrune    path-is-absolute@1.0.1
575 silly idealTree:prePrune    resolve@1.1.7
575 silly idealTree:prePrune    wrappy@1.0.2
576 silly loadIdealTree Finishing
577 silly currentTree lib
578 silly idealTree lib
578 silly idealTree  grunt-cli@1.2.0
578 silly idealTree    abbrev@1.0.9
578 silly idealTree    balanced-match@0.4.2
578 silly idealTree    brace-expansion@1.1.6
578 silly idealTree    concat-map@0.0.1
578 silly idealTree    findup-sync@0.3.0
578 silly idealTree    glob@5.0.15
578 silly idealTree    grunt-known-options@1.1.0
578 silly idealTree    inflight@1.0.6
578 silly idealTree    inherits@2.0.3
578 silly idealTree    minimatch@3.0.3
578 silly idealTree    nopt@3.0.6
578 silly idealTree    once@1.4.0
578 silly idealTree    path-is-absolute@1.0.1
578 silly idealTree    resolve@1.1.7
578 silly idealTree    wrappy@1.0.2
579 silly generateActionsToTake Starting
580 silly install generateActionsToTake
581 warn checkPermissions Missing write access to /usr/local/lib
582 silly rollbackFailedOptional Starting
583 silly rollbackFailedOptional Finishing
584 silly runTopLevelLifecycles Starting
585 silly runTopLevelLifecycles Finishing
586 silly install printInstalled
587 verbose stack Error: EACCES: permission denied, access '/usr/local/lib'
587 verbose stack     at Error (native)
588 verbose cwd /var/www/html/portfolio
589 error Linux 4.4.0-45-generic
590 error argv "/usr/bin/nodejs" "/usr/bin/npm" "install" "-g" "grunt-cli"
591 error node v4.2.6
592 error npm  v3.5.2
593 error path /usr/local/lib
594 error code EACCES
595 error errno -13
596 error syscall access
597 error Error: EACCES: permission denied, access '/usr/local/lib'
597 error     at Error (native)
597 error  { [Error: EACCES: permission denied, access '/usr/local/lib']
597 error   errno: -13,
597 error   code: 'EACCES',
597 error   syscall: 'access',
597 error   path: '/usr/local/lib' }
598 error Please try running this command again as root/Administrator.
599 verbose exit [ -13, true ]
